<?xml version="1.0" encoding="UTF-8"?>
<!-- Generated by org.testng.reporters.JUnitXMLReporter -->
<testsuite ignored="0" hostname="LAPTOP-CPR1IHHO" failures="0" tests="5" name="Surefire test" time="25.782" errors="0" timestamp="2025-09-13T08:16:30 IST">
  <testcase classname="tests.DashboardTest" name="test_dashboard" time="0.009"/>
  <testcase classname="tests.LoginTest" name="test_invalidLogin" time="5.376"/>
  <testcase classname="tests.LoginTest" name="test_validLogin" time="5.274"/>
  <testcase classname="tests.NavigationTest" name="test_navigation_sequence" time="1.585"/>
  <testcase classname="tests.RegistrationTest" name="test_registration" time="2.901"/>
</testsuite> <!-- Surefire test -->
