<?xml version="1.0" encoding="UTF-8"?>
<testng-results ignored="0" total="5" passed="5" failed="0" skipped="0">
  <reporter-output>
  </reporter-output>
  <suite started-at="2025-09-13T08:16:04 IST" name="Surefire suite" finished-at="2025-09-13T08:16:30 IST" duration-ms="25782">
    <groups>
    </groups>
    <test started-at="2025-09-13T08:16:04 IST" name="Surefire test" finished-at="2025-09-13T08:16:30 IST" duration-ms="25782">
      <class name="tests.LoginTest">
        <test-method is-config="true" signature="setUp()[pri:0, instance:tests.LoginTest@78b66d36]" started-at="2025-09-13T08:16:07 IST" name="setUp" finished-at="2025-09-13T08:16:09 IST" duration-ms="2044" status="PASS">
          <reporter-output>
          </reporter-output>
        </test-method> <!-- setUp -->
        <test-method signature="test_invalidLogin()[pri:0, instance:tests.LoginTest@78b66d36]" started-at="2025-09-13T08:16:09 IST" name="test_invalidLogin" finished-at="2025-09-13T08:16:14 IST" duration-ms="5376" status="PASS">
          <reporter-output>
          </reporter-output>
        </test-method> <!-- test_invalidLogin -->
        <test-method is-config="true" signature="teardown()[pri:0, instance:tests.LoginTest@78b66d36]" started-at="2025-09-13T08:16:14 IST" name="teardown" finished-at="2025-09-13T08:16:14 IST" duration-ms="160" status="PASS">
          <reporter-output>
          </reporter-output>
        </test-method> <!-- teardown -->
        <test-method is-config="true" signature="setUp()[pri:0, instance:tests.LoginTest@78b66d36]" started-at="2025-09-13T08:16:14 IST" name="setUp" finished-at="2025-09-13T08:16:16 IST" duration-ms="1841" status="PASS">
          <reporter-output>
          </reporter-output>
        </test-method> <!-- setUp -->
        <test-method signature="test_validLogin()[pri:0, instance:tests.LoginTest@78b66d36]" started-at="2025-09-13T08:16:16 IST" name="test_validLogin" finished-at="2025-09-13T08:16:21 IST" duration-ms="5274" status="PASS">
          <reporter-output>
          </reporter-output>
        </test-method> <!-- test_validLogin -->
        <test-method is-config="true" signature="teardown()[pri:0, instance:tests.LoginTest@78b66d36]" started-at="2025-09-13T08:16:21 IST" name="teardown" finished-at="2025-09-13T08:16:22 IST" duration-ms="165" status="PASS">
          <reporter-output>
          </reporter-output>
        </test-method> <!-- teardown -->
      </class> <!-- tests.LoginTest -->
      <class name="tests.RegistrationTest">
        <test-method is-config="true" signature="setUp()[pri:0, instance:tests.RegistrationTest@bef2d72]" started-at="2025-09-13T08:16:25 IST" name="setUp" finished-at="2025-09-13T08:16:27 IST" duration-ms="1934" status="PASS">
          <reporter-output>
          </reporter-output>
        </test-method> <!-- setUp -->
        <test-method signature="test_registration()[pri:0, instance:tests.RegistrationTest@bef2d72]" started-at="2025-09-13T08:16:27 IST" name="test_registration" finished-at="2025-09-13T08:16:30 IST" duration-ms="2901" status="PASS">
          <reporter-output>
          </reporter-output>
        </test-method> <!-- test_registration -->
        <test-method is-config="true" signature="teardown()[pri:0, instance:tests.RegistrationTest@bef2d72]" started-at="2025-09-13T08:16:30 IST" name="teardown" finished-at="2025-09-13T08:16:30 IST" duration-ms="150" status="PASS">
          <reporter-output>
          </reporter-output>
        </test-method> <!-- teardown -->
      </class> <!-- tests.RegistrationTest -->
      <class name="tests.DashboardTest">
        <test-method is-config="true" signature="setUp()[pri:0, instance:tests.DashboardTest@5276e6b0]" started-at="2025-09-13T08:16:04 IST" name="setUp" finished-at="2025-09-13T08:16:06 IST" duration-ms="2099" status="PASS">
          <reporter-output>
          </reporter-output>
        </test-method> <!-- setUp -->
        <test-method signature="test_dashboard()[pri:0, instance:tests.DashboardTest@5276e6b0]" started-at="2025-09-13T08:16:06 IST" name="test_dashboard" finished-at="2025-09-13T08:16:06 IST" duration-ms="9" status="PASS">
          <reporter-output>
          </reporter-output>
        </test-method> <!-- test_dashboard -->
        <test-method is-config="true" signature="teardown()[pri:0, instance:tests.DashboardTest@5276e6b0]" started-at="2025-09-13T08:16:06 IST" name="teardown" finished-at="2025-09-13T08:16:07 IST" duration-ms="183" status="PASS">
          <reporter-output>
          </reporter-output>
        </test-method> <!-- teardown -->
      </class> <!-- tests.DashboardTest -->
      <class name="tests.NavigationTest">
        <test-method is-config="true" signature="setUp()[pri:0, instance:tests.NavigationTest@5223e5ee]" started-at="2025-09-13T08:16:22 IST" name="setUp" finished-at="2025-09-13T08:16:23 IST" duration-ms="1843" status="PASS">
          <reporter-output>
          </reporter-output>
        </test-method> <!-- setUp -->
        <test-method signature="test_navigation_sequence()[pri:0, instance:tests.NavigationTest@5223e5ee]" started-at="2025-09-13T08:16:23 IST" name="test_navigation_sequence" finished-at="2025-09-13T08:16:25 IST" duration-ms="1585" status="PASS">
          <reporter-output>
          </reporter-output>
        </test-method> <!-- test_navigation_sequence -->
        <test-method is-config="true" signature="teardown()[pri:0, instance:tests.NavigationTest@5223e5ee]" started-at="2025-09-13T08:16:25 IST" name="teardown" finished-at="2025-09-13T08:16:25 IST" duration-ms="176" status="PASS">
          <reporter-output>
          </reporter-output>
        </test-method> <!-- teardown -->
      </class> <!-- tests.NavigationTest -->
    </test> <!-- Surefire test -->
  </suite> <!-- Surefire suite -->
</testng-results>
