<?xml version="1.0" encoding="UTF-8"?>
<testsuite xmlns:xsi="http://www.w3.org/2001/XMLSchema-instance" xsi:noNamespaceSchemaLocation="https://maven.apache.org/surefire/maven-surefire-plugin/xsd/surefire-test-report-3.0.xsd" version="3.0" name="TestSuite" time="26.106" tests="5" errors="0" skipped="0" failures="0">
  <properties>
[...]
</properties>
  <testcase name="test_dashboard" classname="tests.DashboardTest" time="0.009">
    <system-err><![CDATA[SLF4J(W): No SLF4J providers were found.
SLF4J(W): Defaulting to no-operation (NOP) logger implementation
SLF4J(W): See https://www.slf4j.org/codes.html#noProviders for further details.
Sep 13, 2025 8:16:06 AM org.openqa.selenium.devtools.CdpVersionFinder findNearestMatch
WARNING: Unable to find an exact match for CDP version 140, returning the closest version; found: 139; Please update to a Selenium version that supports CDP version 140
]]></system-err>
  </testcase>
  <testcase name="test_invalidLogin" classname="tests.LoginTest" time="5.378">
    <system-out><![CDATA[Toast message displayed: Invalid Credentials
]]></system-out>
    <system-err><![CDATA[Sep 13, 2025 8:16:08 AM org.openqa.selenium.devtools.CdpVersionFinder findNearestMatch
WARNING: Unable to find an exact match for CDP version 140, returning the closest version; found: 139; Please update to a Selenium version that supports CDP version 140
]]></system-err>
  </testcase>
  <testcase name="test_validLogin" classname="tests.LoginTest" time="5.275">
    <system-out><![CDATA[Logged in Successfully.
]]></system-out>
    <system-err><![CDATA[Sep 13, 2025 8:16:15 AM org.openqa.selenium.devtools.CdpVersionFinder findNearestMatch
WARNING: Unable to find an exact match for CDP version 140, returning the closest version; found: 139; Please update to a Selenium version that supports CDP version 140
]]></system-err>
  </testcase>
  <testcase name="test_navigation_sequence" classname="tests.NavigationTest" time="1.585">
    <system-out><![CDATA[Logged in and landed on Dashboard.
Navigated to Profile page.
Navigated to Notifications page.
Navigated to Time Table page.
]]></system-out>
    <system-err><![CDATA[Sep 13, 2025 8:16:23 AM org.openqa.selenium.devtools.CdpVersionFinder findNearestMatch
WARNING: Unable to find an exact match for CDP version 140, returning the closest version; found: 139; Please update to a Selenium version that supports CDP version 140
]]></system-err>
  </testcase>
  <testcase name="test_registration" classname="tests.RegistrationTest" time="2.902">
    <system-out><![CDATA[Successfully redirect to the verification page
]]></system-out>
    <system-err><![CDATA[Sep 13, 2025 8:16:26 AM org.openqa.selenium.devtools.CdpVersionFinder findNearestMatch
WARNING: Unable to find an exact match for CDP version 140, returning the closest version; found: 139; Please update to a Selenium version that supports CDP version 140
]]></system-err>
  </testcase>
</testsuite>